<?xml version="1.0" encoding="UTF-8"?>
<testng-results ignored="0" total="1" passed="1" failed="0" skipped="0">
  <reporter-output>
  </reporter-output>
  <suite started-at="2024-11-13T09:50:29 IST" name="Default suite" finished-at="2024-11-13T09:50:46 IST" duration-ms="17043">
    <groups>
    </groups>
    <test started-at="2024-11-13T09:50:29 IST" name="Default test" finished-at="2024-11-13T09:50:46 IST" duration-ms="17043">
      <class name="tcRepo.TC_003Test">
        <test-method is-config="true" signature="dbConnection()[pri:0, instance:tcRepo.TC_003Test@4be29ed9]" started-at="2024-11-13T09:50:29 IST" name="dbConnection" finished-at="2024-11-13T09:50:29 IST" duration-ms="17" status="PASS">
          <reporter-output>
          </reporter-output>
        </test-method> <!-- dbConnection -->
        <test-method is-config="true" signature="launchBrowser(java.lang.String)[pri:0, instance:tcRepo.TC_003Test@4be29ed9]" started-at="2024-11-13T09:50:29 IST" name="launchBrowser" finished-at="2024-11-13T09:50:37 IST" duration-ms="8754" status="PASS">
          <params>
            <param index="0">
              <value>
                <![CDATA[chrome]]>
              </value>
            </param>
          </params>
          <reporter-output>
          </reporter-output>
        </test-method> <!-- launchBrowser -->
        <test-method is-config="true" signature="loginOperation()[pri:0, instance:tcRepo.TC_003Test@4be29ed9]" started-at="2024-11-13T09:50:37 IST" name="loginOperation" finished-at="2024-11-13T09:50:40 IST" duration-ms="2247" status="PASS">
          <reporter-output>
          </reporter-output>
        </test-method> <!-- loginOperation -->
        <test-method signature="sample()[pri:0, instance:tcRepo.TC_003Test@4be29ed9]" started-at="2024-11-13T09:50:40 IST" name="sample" finished-at="2024-11-13T09:50:40 IST" duration-ms="8" status="PASS">
          <reporter-output>
          </reporter-output>
        </test-method> <!-- sample -->
        <test-method is-config="true" signature="logoutOperation()[pri:0, instance:tcRepo.TC_003Test@4be29ed9]" started-at="2024-11-13T09:50:40 IST" name="logoutOperation" finished-at="2024-11-13T09:50:46 IST" duration-ms="5804" status="PASS">
          <reporter-output>
          </reporter-output>
        </test-method> <!-- logoutOperation -->
        <test-method is-config="true" signature="closeBrowser()[pri:0, instance:tcRepo.TC_003Test@4be29ed9]" started-at="2024-11-13T09:50:46 IST" name="closeBrowser" finished-at="2024-11-13T09:50:46 IST" duration-ms="187" status="PASS">
          <reporter-output>
          </reporter-output>
        </test-method> <!-- closeBrowser -->
        <test-method is-config="true" signature="closeDBConnection()[pri:0, instance:tcRepo.TC_003Test@4be29ed9]" started-at="2024-11-13T09:50:46 IST" name="closeDBConnection" finished-at="2024-11-13T09:50:46 IST" duration-ms="0" status="PASS">
          <reporter-output>
          </reporter-output>
        </test-method> <!-- closeDBConnection -->
      </class> <!-- tcRepo.TC_003Test -->
    </test> <!-- Default test -->
  </suite> <!-- Default suite -->
</testng-results>
